running build
running build_ext
building 'dynamicconv_cuda' extension
gcc -pthread -B /vol/bitbucket/vt520/miniconda3/envs/CATCaller/compiler_compat -Wl,--sysroot=/ -Wsign-compare -DNDEBUG -g -fwrapv -O3 -Wall -Wstrict-prototypes -fPIC -I/vol/bitbucket/vt520/miniconda3/envs/CATCaller/lib/python3.6/site-packages/torch/include -I/vol/bitbucket/vt520/miniconda3/envs/CATCaller/lib/python3.6/site-packages/torch/include/torch/csrc/api/include -I/vol/bitbucket/vt520/miniconda3/envs/CATCaller/lib/python3.6/site-packages/torch/include/TH -I/vol/bitbucket/vt520/miniconda3/envs/CATCaller/lib/python3.6/site-packages/torch/include/THC -I/vol/cuda/11.1.0-cudnn8.0.4.30/include -I/vol/bitbucket/vt520/miniconda3/envs/CATCaller/include/python3.6m -c dynamicconv_cuda.cpp -o build/temp.linux-x86_64-3.6/dynamicconv_cuda.o -DTORCH_API_INCLUDE_EXTENSION_H -DTORCH_EXTENSION_NAME=dynamicconv_cuda -D_GLIBCXX_USE_CXX11_ABI=1 -std=c++11
cc1plus: warning: command line option ‘-Wstrict-prototypes’ is valid for C/ObjC but not for C++
In file included from /vol/bitbucket/vt520/miniconda3/envs/CATCaller/lib/python3.6/site-packages/torch/include/c10/core/MemoryFormat.h:5,
                 from /vol/bitbucket/vt520/miniconda3/envs/CATCaller/lib/python3.6/site-packages/torch/include/ATen/core/Tensor.h:5,
                 from /vol/bitbucket/vt520/miniconda3/envs/CATCaller/lib/python3.6/site-packages/torch/include/ATen/Tensor.h:2,
                 from /vol/bitbucket/vt520/miniconda3/envs/CATCaller/lib/python3.6/site-packages/torch/include/ATen/Context.h:4,
                 from /vol/bitbucket/vt520/miniconda3/envs/CATCaller/lib/python3.6/site-packages/torch/include/ATen/ATen.h:5,
                 from /vol/bitbucket/vt520/miniconda3/envs/CATCaller/lib/python3.6/site-packages/torch/include/torch/csrc/api/include/torch/types.h:3,
                 from /vol/bitbucket/vt520/miniconda3/envs/CATCaller/lib/python3.6/site-packages/torch/include/torch/csrc/api/include/torch/data/dataloader_options.h:4,
                 from /vol/bitbucket/vt520/miniconda3/envs/CATCaller/lib/python3.6/site-packages/torch/include/torch/csrc/api/include/torch/data/dataloader/base.h:3,
                 from /vol/bitbucket/vt520/miniconda3/envs/CATCaller/lib/python3.6/site-packages/torch/include/torch/csrc/api/include/torch/data/dataloader/stateful.h:3,
                 from /vol/bitbucket/vt520/miniconda3/envs/CATCaller/lib/python3.6/site-packages/torch/include/torch/csrc/api/include/torch/data/dataloader.h:3,
                 from /vol/bitbucket/vt520/miniconda3/envs/CATCaller/lib/python3.6/site-packages/torch/include/torch/csrc/api/include/torch/data.h:3,
                 from /vol/bitbucket/vt520/miniconda3/envs/CATCaller/lib/python3.6/site-packages/torch/include/torch/csrc/api/include/torch/all.h:4,
                 from /vol/bitbucket/vt520/miniconda3/envs/CATCaller/lib/python3.6/site-packages/torch/include/torch/extension.h:4,
                 from dynamicconv_cuda.cpp:1:
/vol/bitbucket/vt520/miniconda3/envs/CATCaller/lib/python3.6/site-packages/torch/include/c10/util/ArrayRef.h: In instantiation of ‘constexpr c10::ArrayRef<T>::ArrayRef(const std::initializer_list<_Tp>&) [with T = long int]’:
/vol/bitbucket/vt520/miniconda3/envs/CATCaller/lib/python3.6/site-packages/torch/include/c10/core/TensorImpl.h:1456:34:   required from here
/vol/bitbucket/vt520/miniconda3/envs/CATCaller/lib/python3.6/site-packages/torch/include/c10/util/ArrayRef.h:103:39: warning: initializing ‘c10::ArrayRef<long int>::Data’ from ‘std::initializer_list<long int>::begin’ does not extend the lifetime of the underlying array [-Winit-list-lifetime]
  103 |       : Data(Vec.begin() == Vec.end() ? static_cast<T*>(nullptr) : Vec.begin()),
/vol/bitbucket/vt520/miniconda3/envs/CATCaller/lib/python3.6/site-packages/torch/include/c10/util/ArrayRef.h: In instantiation of ‘constexpr c10::ArrayRef<T>::ArrayRef(const std::initializer_list<_Tp>&) [with T = unsigned char]’:
/vol/bitbucket/vt520/miniconda3/envs/CATCaller/lib/python3.6/site-packages/torch/include/ATen/NativeFunctions.h:47:1:   required from here
/vol/bitbucket/vt520/miniconda3/envs/CATCaller/lib/python3.6/site-packages/torch/include/c10/util/ArrayRef.h:103:39: warning: initializing ‘c10::ArrayRef<unsigned char>::Data’ from ‘std::initializer_list<unsigned char>::begin’ does not extend the lifetime of the underlying array [-Winit-list-lifetime]
/vol/bitbucket/vt520/miniconda3/envs/CATCaller/lib/python3.6/site-packages/torch/include/c10/util/ArrayRef.h: In instantiation of ‘constexpr c10::ArrayRef<T>::ArrayRef(const std::initializer_list<_Tp>&) [with T = signed char]’:
/vol/bitbucket/vt520/miniconda3/envs/CATCaller/lib/python3.6/site-packages/torch/include/ATen/NativeFunctions.h:47:1:   required from here
/vol/bitbucket/vt520/miniconda3/envs/CATCaller/lib/python3.6/site-packages/torch/include/c10/util/ArrayRef.h:103:39: warning: initializing ‘c10::ArrayRef<signed char>::Data’ from ‘std::initializer_list<signed char>::begin’ does not extend the lifetime of the underlying array [-Winit-list-lifetime]
/vol/bitbucket/vt520/miniconda3/envs/CATCaller/lib/python3.6/site-packages/torch/include/c10/util/ArrayRef.h: In instantiation of ‘constexpr c10::ArrayRef<T>::ArrayRef(const std::initializer_list<_Tp>&) [with T = short int]’:
/vol/bitbucket/vt520/miniconda3/envs/CATCaller/lib/python3.6/site-packages/torch/include/ATen/NativeFunctions.h:47:1:   required from here
/vol/bitbucket/vt520/miniconda3/envs/CATCaller/lib/python3.6/site-packages/torch/include/c10/util/ArrayRef.h:103:39: warning: initializing ‘c10::ArrayRef<short int>::Data’ from ‘std::initializer_list<short int>::begin’ does not extend the lifetime of the underlying array [-Winit-list-lifetime]
/vol/bitbucket/vt520/miniconda3/envs/CATCaller/lib/python3.6/site-packages/torch/include/c10/util/ArrayRef.h: In instantiation of ‘constexpr c10::ArrayRef<T>::ArrayRef(const std::initializer_list<_Tp>&) [with T = int]’:
/vol/bitbucket/vt520/miniconda3/envs/CATCaller/lib/python3.6/site-packages/torch/include/ATen/NativeFunctions.h:47:1:   required from here
/vol/bitbucket/vt520/miniconda3/envs/CATCaller/lib/python3.6/site-packages/torch/include/c10/util/ArrayRef.h:103:39: warning: initializing ‘c10::ArrayRef<int>::Data’ from ‘std::initializer_list<int>::begin’ does not extend the lifetime of the underlying array [-Winit-list-lifetime]
/vol/bitbucket/vt520/miniconda3/envs/CATCaller/lib/python3.6/site-packages/torch/include/c10/util/ArrayRef.h: In instantiation of ‘constexpr c10::ArrayRef<T>::ArrayRef(const std::initializer_list<_Tp>&) [with T = float]’:
/vol/bitbucket/vt520/miniconda3/envs/CATCaller/lib/python3.6/site-packages/torch/include/ATen/NativeFunctions.h:47:1:   required from here
/vol/bitbucket/vt520/miniconda3/envs/CATCaller/lib/python3.6/site-packages/torch/include/c10/util/ArrayRef.h:103:39: warning: initializing ‘c10::ArrayRef<float>::Data’ from ‘std::initializer_list<float>::begin’ does not extend the lifetime of the underlying array [-Winit-list-lifetime]
/vol/bitbucket/vt520/miniconda3/envs/CATCaller/lib/python3.6/site-packages/torch/include/c10/util/ArrayRef.h: In instantiation of ‘constexpr c10::ArrayRef<T>::ArrayRef(const std::initializer_list<_Tp>&) [with T = double]’:
/vol/bitbucket/vt520/miniconda3/envs/CATCaller/lib/python3.6/site-packages/torch/include/ATen/NativeFunctions.h:47:1:   required from here
/vol/bitbucket/vt520/miniconda3/envs/CATCaller/lib/python3.6/site-packages/torch/include/c10/util/ArrayRef.h:103:39: warning: initializing ‘c10::ArrayRef<double>::Data’ from ‘std::initializer_list<double>::begin’ does not extend the lifetime of the underlying array [-Winit-list-lifetime]
/vol/cuda/11.1.0-cudnn8.0.4.30/bin/nvcc -I/vol/bitbucket/vt520/miniconda3/envs/CATCaller/lib/python3.6/site-packages/torch/include -I/vol/bitbucket/vt520/miniconda3/envs/CATCaller/lib/python3.6/site-packages/torch/include/torch/csrc/api/include -I/vol/bitbucket/vt520/miniconda3/envs/CATCaller/lib/python3.6/site-packages/torch/include/TH -I/vol/bitbucket/vt520/miniconda3/envs/CATCaller/lib/python3.6/site-packages/torch/include/THC -I/vol/cuda/11.1.0-cudnn8.0.4.30/include -I/vol/bitbucket/vt520/miniconda3/envs/CATCaller/include/python3.6m -c dynamicconv_cuda_kernel.cu -o build/temp.linux-x86_64-3.6/dynamicconv_cuda_kernel.o -D__CUDA_NO_HALF_OPERATORS__ -D__CUDA_NO_HALF_CONVERSIONS__ -D__CUDA_NO_HALF2_OPERATORS__ --expt-relaxed-constexpr --compiler-options '-fPIC' -DTORCH_API_INCLUDE_EXTENSION_H -DTORCH_EXTENSION_NAME=dynamicconv_cuda -D_GLIBCXX_USE_CXX11_ABI=1 -std=c++11
/vol/bitbucket/vt520/miniconda3/envs/CATCaller/lib/python3.6/site-packages/torch/include/c10/util/ArrayRef.h: In instantiation of ‘constexpr c10::ArrayRef<T>::ArrayRef(const std::initializer_list<_Tp>&) [with T = long int]’:
/vol/bitbucket/vt520/miniconda3/envs/CATCaller/lib/python3.6/site-packages/torch/include/c10/core/TensorImpl.h:1456:36:   required from here
/vol/bitbucket/vt520/miniconda3/envs/CATCaller/lib/python3.6/site-packages/torch/include/c10/util/ArrayRef.h:102:97: warning: initializing ‘c10::ArrayRef<long int>::Data’ from ‘std::initializer_list<long int>::begin’ does not extend the lifetime of the underlying array [-Winit-list-lifetime]
  102 |   /* implicit */ constexpr ArrayRef(const std::initializer_list<T>& Vec)
/vol/bitbucket/vt520/miniconda3/envs/CATCaller/lib/python3.6/site-packages/torch/include/c10/util/ArrayRef.h: In instantiation of ‘constexpr c10::ArrayRef<T>::ArrayRef(const std::initializer_list<_Tp>&) [with T = unsigned char]’:
/vol/bitbucket/vt520/miniconda3/envs/CATCaller/lib/python3.6/site-packages/torch/include/ATen/NativeFunctions.h:47:301:   required from here
/vol/bitbucket/vt520/miniconda3/envs/CATCaller/lib/python3.6/site-packages/torch/include/c10/util/ArrayRef.h:102:97: warning: initializing ‘c10::ArrayRef<unsigned char>::Data’ from ‘std::initializer_list<unsigned char>::begin’ does not extend the lifetime of the underlying array [-Winit-list-lifetime]
/vol/bitbucket/vt520/miniconda3/envs/CATCaller/lib/python3.6/site-packages/torch/include/c10/util/ArrayRef.h: In instantiation of ‘constexpr c10::ArrayRef<T>::ArrayRef(const std::initializer_list<_Tp>&) [with T = signed char]’:
/vol/bitbucket/vt520/miniconda3/envs/CATCaller/lib/python3.6/site-packages/torch/include/ATen/NativeFunctions.h:47:1137:   required from here
/vol/bitbucket/vt520/miniconda3/envs/CATCaller/lib/python3.6/site-packages/torch/include/c10/util/ArrayRef.h:102:97: warning: initializing ‘c10::ArrayRef<signed char>::Data’ from ‘std::initializer_list<signed char>::begin’ does not extend the lifetime of the underlying array [-Winit-list-lifetime]
/vol/bitbucket/vt520/miniconda3/envs/CATCaller/lib/python3.6/site-packages/torch/include/c10/util/ArrayRef.h: In instantiation of ‘constexpr c10::ArrayRef<T>::ArrayRef(const std::initializer_list<_Tp>&) [with T = short int]’:
/vol/bitbucket/vt520/miniconda3/envs/CATCaller/lib/python3.6/site-packages/torch/include/ATen/NativeFunctions.h:47:1964:   required from here
/vol/bitbucket/vt520/miniconda3/envs/CATCaller/lib/python3.6/site-packages/torch/include/c10/util/ArrayRef.h:102:97: warning: initializing ‘c10::ArrayRef<short int>::Data’ from ‘std::initializer_list<short int>::begin’ does not extend the lifetime of the underlying array [-Winit-list-lifetime]
/vol/bitbucket/vt520/miniconda3/envs/CATCaller/lib/python3.6/site-packages/torch/include/c10/util/ArrayRef.h: In instantiation of ‘constexpr c10::ArrayRef<T>::ArrayRef(const std::initializer_list<_Tp>&) [with T = int]’:
/vol/bitbucket/vt520/miniconda3/envs/CATCaller/lib/python3.6/site-packages/torch/include/ATen/NativeFunctions.h:47:2772:   required from here
/vol/bitbucket/vt520/miniconda3/envs/CATCaller/lib/python3.6/site-packages/torch/include/c10/util/ArrayRef.h:102:97: warning: initializing ‘c10::ArrayRef<int>::Data’ from ‘std::initializer_list<int>::begin’ does not extend the lifetime of the underlying array [-Winit-list-lifetime]
/vol/bitbucket/vt520/miniconda3/envs/CATCaller/lib/python3.6/site-packages/torch/include/c10/util/ArrayRef.h: In instantiation of ‘constexpr c10::ArrayRef<T>::ArrayRef(const std::initializer_list<_Tp>&) [with T = float]’:
/vol/bitbucket/vt520/miniconda3/envs/CATCaller/lib/python3.6/site-packages/torch/include/ATen/NativeFunctions.h:47:0:   required from here
/vol/bitbucket/vt520/miniconda3/envs/CATCaller/lib/python3.6/site-packages/torch/include/c10/util/ArrayRef.h:102:97: warning: initializing ‘c10::ArrayRef<float>::Data’ from ‘std::initializer_list<float>::begin’ does not extend the lifetime of the underlying array [-Winit-list-lifetime]
/vol/bitbucket/vt520/miniconda3/envs/CATCaller/lib/python3.6/site-packages/torch/include/c10/util/ArrayRef.h: In instantiation of ‘constexpr c10::ArrayRef<T>::ArrayRef(const std::initializer_list<_Tp>&) [with T = double]’:
/vol/bitbucket/vt520/miniconda3/envs/CATCaller/lib/python3.6/site-packages/torch/include/ATen/NativeFunctions.h:47:0:   required from here
/vol/bitbucket/vt520/miniconda3/envs/CATCaller/lib/python3.6/site-packages/torch/include/c10/util/ArrayRef.h:102:97: warning: initializing ‘c10::ArrayRef<double>::Data’ from ‘std::initializer_list<double>::begin’ does not extend the lifetime of the underlying array [-Winit-list-lifetime]
creating build/lib.linux-x86_64-3.6
g++ -pthread -shared -B /vol/bitbucket/vt520/miniconda3/envs/CATCaller/compiler_compat -L/vol/bitbucket/vt520/miniconda3/envs/CATCaller/lib -Wl,-rpath=/vol/bitbucket/vt520/miniconda3/envs/CATCaller/lib -Wl,--no-as-needed -Wl,--sysroot=/ build/temp.linux-x86_64-3.6/dynamicconv_cuda.o build/temp.linux-x86_64-3.6/dynamicconv_cuda_kernel.o -L/vol/cuda/11.1.0-cudnn8.0.4.30/lib64 -lcudart -o build/lib.linux-x86_64-3.6/dynamicconv_cuda.cpython-36m-x86_64-linux-gnu.so
running install
running bdist_egg
running egg_info
writing dynamicconv_layer.egg-info/PKG-INFO
writing dependency_links to dynamicconv_layer.egg-info/dependency_links.txt
writing top-level names to dynamicconv_layer.egg-info/top_level.txt
reading manifest file 'dynamicconv_layer.egg-info/SOURCES.txt'
writing manifest file 'dynamicconv_layer.egg-info/SOURCES.txt'
installing library code to build/bdist.linux-x86_64/egg
running install_lib
running build_ext
creating build/bdist.linux-x86_64
creating build/bdist.linux-x86_64/egg
copying build/lib.linux-x86_64-3.6/dynamicconv_cuda.cpython-36m-x86_64-linux-gnu.so -> build/bdist.linux-x86_64/egg
creating stub loader for dynamicconv_cuda.cpython-36m-x86_64-linux-gnu.so
byte-compiling build/bdist.linux-x86_64/egg/dynamicconv_cuda.py to dynamicconv_cuda.cpython-36.pyc
creating build/bdist.linux-x86_64/egg/EGG-INFO
copying dynamicconv_layer.egg-info/PKG-INFO -> build/bdist.linux-x86_64/egg/EGG-INFO
copying dynamicconv_layer.egg-info/SOURCES.txt -> build/bdist.linux-x86_64/egg/EGG-INFO
copying dynamicconv_layer.egg-info/dependency_links.txt -> build/bdist.linux-x86_64/egg/EGG-INFO
copying dynamicconv_layer.egg-info/top_level.txt -> build/bdist.linux-x86_64/egg/EGG-INFO
writing build/bdist.linux-x86_64/egg/EGG-INFO/native_libs.txt
zip_safe flag not set; analyzing archive contents...
__pycache__.dynamicconv_cuda.cpython-36: module references __file__
creating dist
creating 'dist/dynamicconv_layer-0.0.0-py3.6-linux-x86_64.egg' and adding 'build/bdist.linux-x86_64/egg' to it
removing 'build/bdist.linux-x86_64/egg' (and everything under it)
Processing dynamicconv_layer-0.0.0-py3.6-linux-x86_64.egg
creating /homes/vt520/.local/lib/python3.6/site-packages/dynamicconv_layer-0.0.0-py3.6-linux-x86_64.egg
Extracting dynamicconv_layer-0.0.0-py3.6-linux-x86_64.egg to /homes/vt520/.local/lib/python3.6/site-packages
Adding dynamicconv-layer 0.0.0 to easy-install.pth file

Installed /homes/vt520/.local/lib/python3.6/site-packages/dynamicconv_layer-0.0.0-py3.6-linux-x86_64.egg
Processing dependencies for dynamicconv-layer==0.0.0
Finished processing dependencies for dynamicconv-layer==0.0.0
